<?xml version="1.0" encoding="UTF-8"?>
<testsuite name="services.XmlSerializerTest$Serializing" tests="12" skipped="1" failures="3" errors="0" timestamp="2023-02-27T15:28:08" hostname="DESKTOP-KFTBAMN" time="0.211">
  <properties/>
  <testcase name="ignores_fake_getters()" classname="services.XmlSerializerTest$Serializing" time="0.101"/>
  <testcase name="special_xml_characters()" classname="services.XmlSerializerTest$Serializing" time="0.006"/>
  <testcase name="complex_object()" classname="services.XmlSerializerTest$Serializing" time="0.019">
    <failure message="org.opentest4j.AssertionFailedError: &#13;&#10;Expecting actual:&#13;&#10;  &quot;&lt;Generics&gt;&lt;t&gt;&lt;Generics&gt;&lt;t&gt;&lt;Generics&gt;&lt;t&gt;&lt;/t&gt;&lt;/Generics&gt;&lt;/t&gt;&lt;/Generics&gt;&lt;/t&gt;&lt;/Generics&gt;&quot;&#13;&#10;to be equal to:&#13;&#10;  &quot;&lt;Generics&gt;&#10;    &lt;t&gt;&#10;        &lt;Generics&gt;&#10;            &lt;t&gt;&#10;                &lt;Generics&gt;&#10;                    &lt;t&gt;42&lt;/t&gt;&#10;                &lt;/Generics&gt;&#10;            &lt;/t&gt;&#10;        &lt;/Generics&gt;&#10;    &lt;/t&gt;&#10;&lt;/Generics&gt;&#10;&quot;&#13;&#10;when ignoring whitespace differences" type="org.opentest4j.AssertionFailedError">org.opentest4j.AssertionFailedError: 
Expecting actual:
  &quot;&lt;Generics&gt;&lt;t&gt;&lt;Generics&gt;&lt;t&gt;&lt;Generics&gt;&lt;t&gt;&lt;/t&gt;&lt;/Generics&gt;&lt;/t&gt;&lt;/Generics&gt;&lt;/t&gt;&lt;/Generics&gt;&quot;
to be equal to:
  &quot;&lt;Generics&gt;
    &lt;t&gt;
        &lt;Generics&gt;
            &lt;t&gt;
                &lt;Generics&gt;
                    &lt;t&gt;42&lt;/t&gt;
                &lt;/Generics&gt;
            &lt;/t&gt;
        &lt;/Generics&gt;
    &lt;/t&gt;
&lt;/Generics&gt;
&quot;
when ignoring whitespace differences
	at java.base@18/jdk.internal.reflect.DirectConstructorHandleAccessor.newInstance(DirectConstructorHandleAccessor.java:67)
	at java.base@18/java.lang.reflect.Constructor.newInstanceWithCaller(Constructor.java:499)
	at app//services.XmlSerializerTest$Serializing.complex_object(XmlSerializerTest.java:225)
	at java.base@18/jdk.internal.reflect.DirectMethodHandleAccessor.invoke(DirectMethodHandleAccessor.java:104)
	at java.base@18/java.lang.reflect.Method.invoke(Method.java:577)
	at app//org.junit.platform.commons.util.ReflectionUtils.invokeMethod(ReflectionUtils.java:725)
	at app//org.junit.jupiter.engine.execution.MethodInvocation.proceed(MethodInvocation.java:60)
	at app//org.junit.jupiter.engine.execution.InvocationInterceptorChain$ValidatingInvocation.proceed(InvocationInterceptorChain.java:131)
	at app//org.junit.jupiter.engine.extension.TimeoutExtension.intercept(TimeoutExtension.java:149)
	at app//org.junit.jupiter.engine.extension.TimeoutExtension.interceptTestableMethod(TimeoutExtension.java:140)
	at app//org.junit.jupiter.engine.extension.TimeoutExtension.interceptTestMethod(TimeoutExtension.java:84)
	at app//org.junit.jupiter.engine.execution.ExecutableInvoker$ReflectiveInterceptorCall.lambda$ofVoidMethod$0(ExecutableInvoker.java:115)
	at app//org.junit.jupiter.engine.execution.ExecutableInvoker.lambda$invoke$0(ExecutableInvoker.java:105)
	at app//org.junit.jupiter.engine.execution.InvocationInterceptorChain$InterceptedInvocation.proceed(InvocationInterceptorChain.java:106)
	at app//org.junit.jupiter.engine.execution.InvocationInterceptorChain.proceed(InvocationInterceptorChain.java:64)
	at app//org.junit.jupiter.engine.execution.InvocationInterceptorChain.chainAndInvoke(InvocationInterceptorChain.java:45)
	at app//org.junit.jupiter.engine.execution.InvocationInterceptorChain.invoke(InvocationInterceptorChain.java:37)
	at app//org.junit.jupiter.engine.execution.ExecutableInvoker.invoke(ExecutableInvoker.java:104)
	at app//org.junit.jupiter.engine.execution.ExecutableInvoker.invoke(ExecutableInvoker.java:98)
	at app//org.junit.jupiter.engine.descriptor.TestMethodTestDescriptor.lambda$invokeTestMethod$7(TestMethodTestDescriptor.java:214)
	at app//org.junit.platform.engine.support.hierarchical.ThrowableCollector.execute(ThrowableCollector.java:73)
	at app//org.junit.jupiter.engine.descriptor.TestMethodTestDescriptor.invokeTestMethod(TestMethodTestDescriptor.java:210)
	at app//org.junit.jupiter.engine.descriptor.TestMethodTestDescriptor.execute(TestMethodTestDescriptor.java:135)
	at app//org.junit.jupiter.engine.descriptor.TestMethodTestDescriptor.execute(TestMethodTestDescriptor.java:66)
	at app//org.junit.platform.engine.support.hierarchical.NodeTestTask.lambda$executeRecursively$6(NodeTestTask.java:151)
	at app//org.junit.platform.engine.support.hierarchical.ThrowableCollector.execute(ThrowableCollector.java:73)
	at app//org.junit.platform.engine.support.hierarchical.NodeTestTask.lambda$executeRecursively$8(NodeTestTask.java:141)
	at app//org.junit.platform.engine.support.hierarchical.Node.around(Node.java:137)
	at app//org.junit.platform.engine.support.hierarchical.NodeTestTask.lambda$executeRecursively$9(NodeTestTask.java:139)
	at app//org.junit.platform.engine.support.hierarchical.ThrowableCollector.execute(ThrowableCollector.java:73)
	at app//org.junit.platform.engine.support.hierarchical.NodeTestTask.executeRecursively(NodeTestTask.java:138)
	at app//org.junit.platform.engine.support.hierarchical.NodeTestTask.execute(NodeTestTask.java:95)
	at java.base@18/java.util.ArrayList.forEach(ArrayList.java:1511)
	at app//org.junit.platform.engine.support.hierarchical.SameThreadHierarchicalTestExecutorService.invokeAll(SameThreadHierarchicalTestExecutorService.java:41)
	at app//org.junit.platform.engine.support.hierarchical.NodeTestTask.lambda$executeRecursively$6(NodeTestTask.java:155)
	at app//org.junit.platform.engine.support.hierarchical.ThrowableCollector.execute(ThrowableCollector.java:73)
	at app//org.junit.platform.engine.support.hierarchical.NodeTestTask.lambda$executeRecursively$8(NodeTestTask.java:141)
	at app//org.junit.platform.engine.support.hierarchical.Node.around(Node.java:137)
	at app//org.junit.platform.engine.support.hierarchical.NodeTestTask.lambda$executeRecursively$9(NodeTestTask.java:139)
	at app//org.junit.platform.engine.support.hierarchical.ThrowableCollector.execute(ThrowableCollector.java:73)
	at app//org.junit.platform.engine.support.hierarchical.NodeTestTask.executeRecursively(NodeTestTask.java:138)
	at app//org.junit.platform.engine.support.hierarchical.NodeTestTask.execute(NodeTestTask.java:95)
	at java.base@18/java.util.ArrayList.forEach(ArrayList.java:1511)
	at app//org.junit.platform.engine.support.hierarchical.SameThreadHierarchicalTestExecutorService.invokeAll(SameThreadHierarchicalTestExecutorService.java:41)
	at app//org.junit.platform.engine.support.hierarchical.NodeTestTask.lambda$executeRecursively$6(NodeTestTask.java:155)
	at app//org.junit.platform.engine.support.hierarchical.ThrowableCollector.execute(ThrowableCollector.java:73)
	at app//org.junit.platform.engine.support.hierarchical.NodeTestTask.lambda$executeRecursively$8(NodeTestTask.java:141)
	at app//org.junit.platform.engine.support.hierarchical.Node.around(Node.java:137)
	at app//org.junit.platform.engine.support.hierarchical.NodeTestTask.lambda$executeRecursively$9(NodeTestTask.java:139)
	at app//org.junit.platform.engine.support.hierarchical.ThrowableCollector.execute(ThrowableCollector.java:73)
	at app//org.junit.platform.engine.support.hierarchical.NodeTestTask.executeRecursively(NodeTestTask.java:138)
	at app//org.junit.platform.engine.support.hierarchical.NodeTestTask.execute(NodeTestTask.java:95)
	at java.base@18/java.util.ArrayList.forEach(ArrayList.java:1511)
	at app//org.junit.platform.engine.support.hierarchical.SameThreadHierarchicalTestExecutorService.invokeAll(SameThreadHierarchicalTestExecutorService.java:41)
	at app//org.junit.platform.engine.support.hierarchical.NodeTestTask.lambda$executeRecursively$6(NodeTestTask.java:155)
	at app//org.junit.platform.engine.support.hierarchical.ThrowableCollector.execute(ThrowableCollector.java:73)
	at app//org.junit.platform.engine.support.hierarchical.NodeTestTask.lambda$executeRecursively$8(NodeTestTask.java:141)
	at app//org.junit.platform.engine.support.hierarchical.Node.around(Node.java:137)
	at app//org.junit.platform.engine.support.hierarchical.NodeTestTask.lambda$executeRecursively$9(NodeTestTask.java:139)
	at app//org.junit.platform.engine.support.hierarchical.ThrowableCollector.execute(ThrowableCollector.java:73)
	at app//org.junit.platform.engine.support.hierarchical.NodeTestTask.executeRecursively(NodeTestTask.java:138)
	at app//org.junit.platform.engine.support.hierarchical.NodeTestTask.execute(NodeTestTask.java:95)
	at app//org.junit.platform.engine.support.hierarchical.SameThreadHierarchicalTestExecutorService.submit(SameThreadHierarchicalTestExecutorService.java:35)
	at app//org.junit.platform.engine.support.hierarchical.HierarchicalTestExecutor.execute(HierarchicalTestExecutor.java:57)
	at app//org.junit.platform.engine.support.hierarchical.HierarchicalTestEngine.execute(HierarchicalTestEngine.java:54)
	at org.junit.platform.launcher.core.EngineExecutionOrchestrator.execute(EngineExecutionOrchestrator.java:107)
	at org.junit.platform.launcher.core.EngineExecutionOrchestrator.execute(EngineExecutionOrchestrator.java:88)
	at org.junit.platform.launcher.core.EngineExecutionOrchestrator.lambda$execute$0(EngineExecutionOrchestrator.java:54)
	at org.junit.platform.launcher.core.EngineExecutionOrchestrator.withInterceptedStreams(EngineExecutionOrchestrator.java:67)
	at org.junit.platform.launcher.core.EngineExecutionOrchestrator.execute(EngineExecutionOrchestrator.java:52)
	at org.junit.platform.launcher.core.DefaultLauncher.execute(DefaultLauncher.java:114)
	at org.junit.platform.launcher.core.DefaultLauncher.execute(DefaultLauncher.java:86)
	at org.junit.platform.launcher.core.DefaultLauncherSession$DelegatingLauncher.execute(DefaultLauncherSession.java:86)
	at org.junit.platform.launcher.core.SessionPerRequestLauncher.execute(SessionPerRequestLauncher.java:53)
	at org.gradle.api.internal.tasks.testing.junitplatform.JUnitPlatformTestClassProcessor$CollectAllTestClassesExecutor.processAllTestClasses(JUnitPlatformTestClassProcessor.java:99)
	at org.gradle.api.internal.tasks.testing.junitplatform.JUnitPlatformTestClassProcessor$CollectAllTestClassesExecutor.access$000(JUnitPlatformTestClassProcessor.java:79)
	at org.gradle.api.internal.tasks.testing.junitplatform.JUnitPlatformTestClassProcessor.stop(JUnitPlatformTestClassProcessor.java:75)
	at org.gradle.api.internal.tasks.testing.SuiteTestClassProcessor.stop(SuiteTestClassProcessor.java:61)
	at java.base@18/jdk.internal.reflect.DirectMethodHandleAccessor.invoke(DirectMethodHandleAccessor.java:104)
	at java.base@18/java.lang.reflect.Method.invoke(Method.java:577)
	at org.gradle.internal.dispatch.ReflectionDispatch.dispatch(ReflectionDispatch.java:36)
	at org.gradle.internal.dispatch.ReflectionDispatch.dispatch(ReflectionDispatch.java:24)
	at org.gradle.internal.dispatch.ContextClassLoaderDispatch.dispatch(ContextClassLoaderDispatch.java:33)
	at org.gradle.internal.dispatch.ProxyDispatchAdapter$DispatchingInvocationHandler.invoke(ProxyDispatchAdapter.java:94)
	at jdk.proxy1/jdk.proxy1.$Proxy2.stop(Unknown Source)
	at org.gradle.api.internal.tasks.testing.worker.TestWorker$3.run(TestWorker.java:193)
	at org.gradle.api.internal.tasks.testing.worker.TestWorker.executeAndMaintainThreadName(TestWorker.java:129)
	at org.gradle.api.internal.tasks.testing.worker.TestWorker.execute(TestWorker.java:100)
	at org.gradle.api.internal.tasks.testing.worker.TestWorker.execute(TestWorker.java:60)
	at org.gradle.process.internal.worker.child.ActionExecutionWorker.execute(ActionExecutionWorker.java:56)
	at org.gradle.process.internal.worker.child.SystemApplicationClassLoaderWorker.call(SystemApplicationClassLoaderWorker.java:133)
	at org.gradle.process.internal.worker.child.SystemApplicationClassLoaderWorker.call(SystemApplicationClassLoaderWorker.java:71)
	at app//worker.org.gradle.process.internal.worker.GradleWorkerMain.run(GradleWorkerMain.java:69)
	at app//worker.org.gradle.process.internal.worker.GradleWorkerMain.main(GradleWorkerMain.java:74)
</failure>
  </testcase>
  <testcase name="object_with_object_arrays()" classname="services.XmlSerializerTest$Serializing" time="0.011">
    <failure message="org.opentest4j.AssertionFailedError: &#13;&#10;Expecting actual:&#13;&#10;  &quot;&lt;ObjectArrays&gt;&lt;ints&gt;&lt;/ints&gt;&lt;strings&gt;&lt;/strings&gt;&lt;booleans&gt;&lt;/booleans&gt;&lt;/ObjectArrays&gt;&quot;&#13;&#10;to be equal to:&#13;&#10;  &quot;&lt;ObjectArrays&gt;&#10;    &lt;ints&gt;&#10;        &lt;value&gt;317&lt;/value&gt;&#10;        &lt;value&gt;42&lt;/value&gt;&#10;    &lt;/ints&gt;&#10;    &lt;strings&gt;&#10;        &lt;value&gt;single&lt;/value&gt;&#10;    &lt;/strings&gt;&#10;    &lt;booleans&gt;&#10;    &lt;/booleans&gt;&#10;&lt;/ObjectArrays&gt;&#10;&quot;&#13;&#10;when ignoring whitespace differences" type="org.opentest4j.AssertionFailedError">org.opentest4j.AssertionFailedError: 
Expecting actual:
  &quot;&lt;ObjectArrays&gt;&lt;ints&gt;&lt;/ints&gt;&lt;strings&gt;&lt;/strings&gt;&lt;booleans&gt;&lt;/booleans&gt;&lt;/ObjectArrays&gt;&quot;
to be equal to:
  &quot;&lt;ObjectArrays&gt;
    &lt;ints&gt;
        &lt;value&gt;317&lt;/value&gt;
        &lt;value&gt;42&lt;/value&gt;
    &lt;/ints&gt;
    &lt;strings&gt;
        &lt;value&gt;single&lt;/value&gt;
    &lt;/strings&gt;
    &lt;booleans&gt;
    &lt;/booleans&gt;
&lt;/ObjectArrays&gt;
&quot;
when ignoring whitespace differences
	at java.base@18/jdk.internal.reflect.DirectConstructorHandleAccessor.newInstance(DirectConstructorHandleAccessor.java:67)
	at java.base@18/java.lang.reflect.Constructor.newInstanceWithCaller(Constructor.java:499)
	at app//services.XmlSerializerTest$Serializing.object_with_object_arrays(XmlSerializerTest.java:139)
	at java.base@18/jdk.internal.reflect.DirectMethodHandleAccessor.invoke(DirectMethodHandleAccessor.java:104)
	at java.base@18/java.lang.reflect.Method.invoke(Method.java:577)
	at app//org.junit.platform.commons.util.ReflectionUtils.invokeMethod(ReflectionUtils.java:725)
	at app//org.junit.jupiter.engine.execution.MethodInvocation.proceed(MethodInvocation.java:60)
	at app//org.junit.jupiter.engine.execution.InvocationInterceptorChain$ValidatingInvocation.proceed(InvocationInterceptorChain.java:131)
	at app//org.junit.jupiter.engine.extension.TimeoutExtension.intercept(TimeoutExtension.java:149)
	at app//org.junit.jupiter.engine.extension.TimeoutExtension.interceptTestableMethod(TimeoutExtension.java:140)
	at app//org.junit.jupiter.engine.extension.TimeoutExtension.interceptTestMethod(TimeoutExtension.java:84)
	at app//org.junit.jupiter.engine.execution.ExecutableInvoker$ReflectiveInterceptorCall.lambda$ofVoidMethod$0(ExecutableInvoker.java:115)
	at app//org.junit.jupiter.engine.execution.ExecutableInvoker.lambda$invoke$0(ExecutableInvoker.java:105)
	at app//org.junit.jupiter.engine.execution.InvocationInterceptorChain$InterceptedInvocation.proceed(InvocationInterceptorChain.java:106)
	at app//org.junit.jupiter.engine.execution.InvocationInterceptorChain.proceed(InvocationInterceptorChain.java:64)
	at app//org.junit.jupiter.engine.execution.InvocationInterceptorChain.chainAndInvoke(InvocationInterceptorChain.java:45)
	at app//org.junit.jupiter.engine.execution.InvocationInterceptorChain.invoke(InvocationInterceptorChain.java:37)
	at app//org.junit.jupiter.engine.execution.ExecutableInvoker.invoke(ExecutableInvoker.java:104)
	at app//org.junit.jupiter.engine.execution.ExecutableInvoker.invoke(ExecutableInvoker.java:98)
	at app//org.junit.jupiter.engine.descriptor.TestMethodTestDescriptor.lambda$invokeTestMethod$7(TestMethodTestDescriptor.java:214)
	at app//org.junit.platform.engine.support.hierarchical.ThrowableCollector.execute(ThrowableCollector.java:73)
	at app//org.junit.jupiter.engine.descriptor.TestMethodTestDescriptor.invokeTestMethod(TestMethodTestDescriptor.java:210)
	at app//org.junit.jupiter.engine.descriptor.TestMethodTestDescriptor.execute(TestMethodTestDescriptor.java:135)
	at app//org.junit.jupiter.engine.descriptor.TestMethodTestDescriptor.execute(TestMethodTestDescriptor.java:66)
	at app//org.junit.platform.engine.support.hierarchical.NodeTestTask.lambda$executeRecursively$6(NodeTestTask.java:151)
	at app//org.junit.platform.engine.support.hierarchical.ThrowableCollector.execute(ThrowableCollector.java:73)
	at app//org.junit.platform.engine.support.hierarchical.NodeTestTask.lambda$executeRecursively$8(NodeTestTask.java:141)
	at app//org.junit.platform.engine.support.hierarchical.Node.around(Node.java:137)
	at app//org.junit.platform.engine.support.hierarchical.NodeTestTask.lambda$executeRecursively$9(NodeTestTask.java:139)
	at app//org.junit.platform.engine.support.hierarchical.ThrowableCollector.execute(ThrowableCollector.java:73)
	at app//org.junit.platform.engine.support.hierarchical.NodeTestTask.executeRecursively(NodeTestTask.java:138)
	at app//org.junit.platform.engine.support.hierarchical.NodeTestTask.execute(NodeTestTask.java:95)
	at java.base@18/java.util.ArrayList.forEach(ArrayList.java:1511)
	at app//org.junit.platform.engine.support.hierarchical.SameThreadHierarchicalTestExecutorService.invokeAll(SameThreadHierarchicalTestExecutorService.java:41)
	at app//org.junit.platform.engine.support.hierarchical.NodeTestTask.lambda$executeRecursively$6(NodeTestTask.java:155)
	at app//org.junit.platform.engine.support.hierarchical.ThrowableCollector.execute(ThrowableCollector.java:73)
	at app//org.junit.platform.engine.support.hierarchical.NodeTestTask.lambda$executeRecursively$8(NodeTestTask.java:141)
	at app//org.junit.platform.engine.support.hierarchical.Node.around(Node.java:137)
	at app//org.junit.platform.engine.support.hierarchical.NodeTestTask.lambda$executeRecursively$9(NodeTestTask.java:139)
	at app//org.junit.platform.engine.support.hierarchical.ThrowableCollector.execute(ThrowableCollector.java:73)
	at app//org.junit.platform.engine.support.hierarchical.NodeTestTask.executeRecursively(NodeTestTask.java:138)
	at app//org.junit.platform.engine.support.hierarchical.NodeTestTask.execute(NodeTestTask.java:95)
	at java.base@18/java.util.ArrayList.forEach(ArrayList.java:1511)
	at app//org.junit.platform.engine.support.hierarchical.SameThreadHierarchicalTestExecutorService.invokeAll(SameThreadHierarchicalTestExecutorService.java:41)
	at app//org.junit.platform.engine.support.hierarchical.NodeTestTask.lambda$executeRecursively$6(NodeTestTask.java:155)
	at app//org.junit.platform.engine.support.hierarchical.ThrowableCollector.execute(ThrowableCollector.java:73)
	at app//org.junit.platform.engine.support.hierarchical.NodeTestTask.lambda$executeRecursively$8(NodeTestTask.java:141)
	at app//org.junit.platform.engine.support.hierarchical.Node.around(Node.java:137)
	at app//org.junit.platform.engine.support.hierarchical.NodeTestTask.lambda$executeRecursively$9(NodeTestTask.java:139)
	at app//org.junit.platform.engine.support.hierarchical.ThrowableCollector.execute(ThrowableCollector.java:73)
	at app//org.junit.platform.engine.support.hierarchical.NodeTestTask.executeRecursively(NodeTestTask.java:138)
	at app//org.junit.platform.engine.support.hierarchical.NodeTestTask.execute(NodeTestTask.java:95)
	at java.base@18/java.util.ArrayList.forEach(ArrayList.java:1511)
	at app//org.junit.platform.engine.support.hierarchical.SameThreadHierarchicalTestExecutorService.invokeAll(SameThreadHierarchicalTestExecutorService.java:41)
	at app//org.junit.platform.engine.support.hierarchical.NodeTestTask.lambda$executeRecursively$6(NodeTestTask.java:155)
	at app//org.junit.platform.engine.support.hierarchical.ThrowableCollector.execute(ThrowableCollector.java:73)
	at app//org.junit.platform.engine.support.hierarchical.NodeTestTask.lambda$executeRecursively$8(NodeTestTask.java:141)
	at app//org.junit.platform.engine.support.hierarchical.Node.around(Node.java:137)
	at app//org.junit.platform.engine.support.hierarchical.NodeTestTask.lambda$executeRecursively$9(NodeTestTask.java:139)
	at app//org.junit.platform.engine.support.hierarchical.ThrowableCollector.execute(ThrowableCollector.java:73)
	at app//org.junit.platform.engine.support.hierarchical.NodeTestTask.executeRecursively(NodeTestTask.java:138)
	at app//org.junit.platform.engine.support.hierarchical.NodeTestTask.execute(NodeTestTask.java:95)
	at app//org.junit.platform.engine.support.hierarchical.SameThreadHierarchicalTestExecutorService.submit(SameThreadHierarchicalTestExecutorService.java:35)
	at app//org.junit.platform.engine.support.hierarchical.HierarchicalTestExecutor.execute(HierarchicalTestExecutor.java:57)
	at app//org.junit.platform.engine.support.hierarchical.HierarchicalTestEngine.execute(HierarchicalTestEngine.java:54)
	at org.junit.platform.launcher.core.EngineExecutionOrchestrator.execute(EngineExecutionOrchestrator.java:107)
	at org.junit.platform.launcher.core.EngineExecutionOrchestrator.execute(EngineExecutionOrchestrator.java:88)
	at org.junit.platform.launcher.core.EngineExecutionOrchestrator.lambda$execute$0(EngineExecutionOrchestrator.java:54)
	at org.junit.platform.launcher.core.EngineExecutionOrchestrator.withInterceptedStreams(EngineExecutionOrchestrator.java:67)
	at org.junit.platform.launcher.core.EngineExecutionOrchestrator.execute(EngineExecutionOrchestrator.java:52)
	at org.junit.platform.launcher.core.DefaultLauncher.execute(DefaultLauncher.java:114)
	at org.junit.platform.launcher.core.DefaultLauncher.execute(DefaultLauncher.java:86)
	at org.junit.platform.launcher.core.DefaultLauncherSession$DelegatingLauncher.execute(DefaultLauncherSession.java:86)
	at org.junit.platform.launcher.core.SessionPerRequestLauncher.execute(SessionPerRequestLauncher.java:53)
	at org.gradle.api.internal.tasks.testing.junitplatform.JUnitPlatformTestClassProcessor$CollectAllTestClassesExecutor.processAllTestClasses(JUnitPlatformTestClassProcessor.java:99)
	at org.gradle.api.internal.tasks.testing.junitplatform.JUnitPlatformTestClassProcessor$CollectAllTestClassesExecutor.access$000(JUnitPlatformTestClassProcessor.java:79)
	at org.gradle.api.internal.tasks.testing.junitplatform.JUnitPlatformTestClassProcessor.stop(JUnitPlatformTestClassProcessor.java:75)
	at org.gradle.api.internal.tasks.testing.SuiteTestClassProcessor.stop(SuiteTestClassProcessor.java:61)
	at java.base@18/jdk.internal.reflect.DirectMethodHandleAccessor.invoke(DirectMethodHandleAccessor.java:104)
	at java.base@18/java.lang.reflect.Method.invoke(Method.java:577)
	at org.gradle.internal.dispatch.ReflectionDispatch.dispatch(ReflectionDispatch.java:36)
	at org.gradle.internal.dispatch.ReflectionDispatch.dispatch(ReflectionDispatch.java:24)
	at org.gradle.internal.dispatch.ContextClassLoaderDispatch.dispatch(ContextClassLoaderDispatch.java:33)
	at org.gradle.internal.dispatch.ProxyDispatchAdapter$DispatchingInvocationHandler.invoke(ProxyDispatchAdapter.java:94)
	at jdk.proxy1/jdk.proxy1.$Proxy2.stop(Unknown Source)
	at org.gradle.api.internal.tasks.testing.worker.TestWorker$3.run(TestWorker.java:193)
	at org.gradle.api.internal.tasks.testing.worker.TestWorker.executeAndMaintainThreadName(TestWorker.java:129)
	at org.gradle.api.internal.tasks.testing.worker.TestWorker.execute(TestWorker.java:100)
	at org.gradle.api.internal.tasks.testing.worker.TestWorker.execute(TestWorker.java:60)
	at org.gradle.process.internal.worker.child.ActionExecutionWorker.execute(ActionExecutionWorker.java:56)
	at org.gradle.process.internal.worker.child.SystemApplicationClassLoaderWorker.call(SystemApplicationClassLoaderWorker.java:133)
	at org.gradle.process.internal.worker.child.SystemApplicationClassLoaderWorker.call(SystemApplicationClassLoaderWorker.java:71)
	at app//worker.org.gradle.process.internal.worker.GradleWorkerMain.run(GradleWorkerMain.java:69)
	at app//worker.org.gradle.process.internal.worker.GradleWorkerMain.main(GradleWorkerMain.java:74)
</failure>
  </testcase>
  <testcase name="object_with_collections()" classname="services.XmlSerializerTest$Serializing" time="0.021">
    <failure message="org.opentest4j.AssertionFailedError: &#13;&#10;Expecting actual:&#13;&#10;  &quot;&lt;Collections&gt;&lt;map&gt;&lt;key&gt;&lt;/key&gt;&lt;value&gt;&lt;Strings&gt;&lt;property&gt;one&lt;/property&gt;&lt;name&gt;_&lt;/name&gt;&lt;/Strings&gt;&lt;/value&gt;&lt;key&gt;&lt;/key&gt;&lt;value&gt;&lt;Strings&gt;&lt;property&gt;two&lt;/property&gt;&lt;name&gt;_&lt;/name&gt;&lt;/Strings&gt;&lt;/value&gt;&lt;/map&gt;&lt;/Collections&gt;&quot;&#13;&#10;to be equal to:&#13;&#10;  &quot;&lt;Collections&gt;&#10;    &lt;list&gt;&#10;        &lt;value&gt;lorem&lt;/value&gt;&#10;        &lt;value&gt;ipsum&lt;/value&gt;&#10;    &lt;/list&gt;&#10;    &lt;set&gt;&#10;    &lt;/set&gt;&#10;    &lt;map&gt;&#10;        &lt;key&gt;1&lt;/key&gt;&#10;        &lt;value&gt;&#10;            &lt;Strings&gt;&#10;                &lt;property&gt;one&lt;/property&gt;&#10;                &lt;name&gt;_&lt;/name&gt;&#10;            &lt;/Strings&gt;&#10;        &lt;/value&gt;&#10;        &lt;key&gt;2&lt;/key&gt;&#10;        &lt;value&gt;&#10;            &lt;Strings&gt;&#10;                &lt;property&gt;two&lt;/property&gt;&#10;                &lt;name&gt;_&lt;/name&gt;&#10;            &lt;/Strings&gt;&#10;        &lt;/value&gt;&#10;    &lt;/map&gt;&#10;&lt;/Collections&gt;&#10;&quot;&#13;&#10;when ignoring whitespace differences" type="org.opentest4j.AssertionFailedError">org.opentest4j.AssertionFailedError: 
Expecting actual:
  &quot;&lt;Collections&gt;&lt;map&gt;&lt;key&gt;&lt;/key&gt;&lt;value&gt;&lt;Strings&gt;&lt;property&gt;one&lt;/property&gt;&lt;name&gt;_&lt;/name&gt;&lt;/Strings&gt;&lt;/value&gt;&lt;key&gt;&lt;/key&gt;&lt;value&gt;&lt;Strings&gt;&lt;property&gt;two&lt;/property&gt;&lt;name&gt;_&lt;/name&gt;&lt;/Strings&gt;&lt;/value&gt;&lt;/map&gt;&lt;/Collections&gt;&quot;
to be equal to:
  &quot;&lt;Collections&gt;
    &lt;list&gt;
        &lt;value&gt;lorem&lt;/value&gt;
        &lt;value&gt;ipsum&lt;/value&gt;
    &lt;/list&gt;
    &lt;set&gt;
    &lt;/set&gt;
    &lt;map&gt;
        &lt;key&gt;1&lt;/key&gt;
        &lt;value&gt;
            &lt;Strings&gt;
                &lt;property&gt;one&lt;/property&gt;
                &lt;name&gt;_&lt;/name&gt;
            &lt;/Strings&gt;
        &lt;/value&gt;
        &lt;key&gt;2&lt;/key&gt;
        &lt;value&gt;
            &lt;Strings&gt;
                &lt;property&gt;two&lt;/property&gt;
                &lt;name&gt;_&lt;/name&gt;
            &lt;/Strings&gt;
        &lt;/value&gt;
    &lt;/map&gt;
&lt;/Collections&gt;
&quot;
when ignoring whitespace differences
	at java.base@18/jdk.internal.reflect.DirectConstructorHandleAccessor.newInstance(DirectConstructorHandleAccessor.java:67)
	at java.base@18/java.lang.reflect.Constructor.newInstanceWithCaller(Constructor.java:499)
	at app//services.XmlSerializerTest$Serializing.object_with_collections(XmlSerializerTest.java:190)
	at java.base@18/jdk.internal.reflect.DirectMethodHandleAccessor.invoke(DirectMethodHandleAccessor.java:104)
	at java.base@18/java.lang.reflect.Method.invoke(Method.java:577)
	at app//org.junit.platform.commons.util.ReflectionUtils.invokeMethod(ReflectionUtils.java:725)
	at app//org.junit.jupiter.engine.execution.MethodInvocation.proceed(MethodInvocation.java:60)
	at app//org.junit.jupiter.engine.execution.InvocationInterceptorChain$ValidatingInvocation.proceed(InvocationInterceptorChain.java:131)
	at app//org.junit.jupiter.engine.extension.TimeoutExtension.intercept(TimeoutExtension.java:149)
	at app//org.junit.jupiter.engine.extension.TimeoutExtension.interceptTestableMethod(TimeoutExtension.java:140)
	at app//org.junit.jupiter.engine.extension.TimeoutExtension.interceptTestMethod(TimeoutExtension.java:84)
	at app//org.junit.jupiter.engine.execution.ExecutableInvoker$ReflectiveInterceptorCall.lambda$ofVoidMethod$0(ExecutableInvoker.java:115)
	at app//org.junit.jupiter.engine.execution.ExecutableInvoker.lambda$invoke$0(ExecutableInvoker.java:105)
	at app//org.junit.jupiter.engine.execution.InvocationInterceptorChain$InterceptedInvocation.proceed(InvocationInterceptorChain.java:106)
	at app//org.junit.jupiter.engine.execution.InvocationInterceptorChain.proceed(InvocationInterceptorChain.java:64)
	at app//org.junit.jupiter.engine.execution.InvocationInterceptorChain.chainAndInvoke(InvocationInterceptorChain.java:45)
	at app//org.junit.jupiter.engine.execution.InvocationInterceptorChain.invoke(InvocationInterceptorChain.java:37)
	at app//org.junit.jupiter.engine.execution.ExecutableInvoker.invoke(ExecutableInvoker.java:104)
	at app//org.junit.jupiter.engine.execution.ExecutableInvoker.invoke(ExecutableInvoker.java:98)
	at app//org.junit.jupiter.engine.descriptor.TestMethodTestDescriptor.lambda$invokeTestMethod$7(TestMethodTestDescriptor.java:214)
	at app//org.junit.platform.engine.support.hierarchical.ThrowableCollector.execute(ThrowableCollector.java:73)
	at app//org.junit.jupiter.engine.descriptor.TestMethodTestDescriptor.invokeTestMethod(TestMethodTestDescriptor.java:210)
	at app//org.junit.jupiter.engine.descriptor.TestMethodTestDescriptor.execute(TestMethodTestDescriptor.java:135)
	at app//org.junit.jupiter.engine.descriptor.TestMethodTestDescriptor.execute(TestMethodTestDescriptor.java:66)
	at app//org.junit.platform.engine.support.hierarchical.NodeTestTask.lambda$executeRecursively$6(NodeTestTask.java:151)
	at app//org.junit.platform.engine.support.hierarchical.ThrowableCollector.execute(ThrowableCollector.java:73)
	at app//org.junit.platform.engine.support.hierarchical.NodeTestTask.lambda$executeRecursively$8(NodeTestTask.java:141)
	at app//org.junit.platform.engine.support.hierarchical.Node.around(Node.java:137)
	at app//org.junit.platform.engine.support.hierarchical.NodeTestTask.lambda$executeRecursively$9(NodeTestTask.java:139)
	at app//org.junit.platform.engine.support.hierarchical.ThrowableCollector.execute(ThrowableCollector.java:73)
	at app//org.junit.platform.engine.support.hierarchical.NodeTestTask.executeRecursively(NodeTestTask.java:138)
	at app//org.junit.platform.engine.support.hierarchical.NodeTestTask.execute(NodeTestTask.java:95)
	at java.base@18/java.util.ArrayList.forEach(ArrayList.java:1511)
	at app//org.junit.platform.engine.support.hierarchical.SameThreadHierarchicalTestExecutorService.invokeAll(SameThreadHierarchicalTestExecutorService.java:41)
	at app//org.junit.platform.engine.support.hierarchical.NodeTestTask.lambda$executeRecursively$6(NodeTestTask.java:155)
	at app//org.junit.platform.engine.support.hierarchical.ThrowableCollector.execute(ThrowableCollector.java:73)
	at app//org.junit.platform.engine.support.hierarchical.NodeTestTask.lambda$executeRecursively$8(NodeTestTask.java:141)
	at app//org.junit.platform.engine.support.hierarchical.Node.around(Node.java:137)
	at app//org.junit.platform.engine.support.hierarchical.NodeTestTask.lambda$executeRecursively$9(NodeTestTask.java:139)
	at app//org.junit.platform.engine.support.hierarchical.ThrowableCollector.execute(ThrowableCollector.java:73)
	at app//org.junit.platform.engine.support.hierarchical.NodeTestTask.executeRecursively(NodeTestTask.java:138)
	at app//org.junit.platform.engine.support.hierarchical.NodeTestTask.execute(NodeTestTask.java:95)
	at java.base@18/java.util.ArrayList.forEach(ArrayList.java:1511)
	at app//org.junit.platform.engine.support.hierarchical.SameThreadHierarchicalTestExecutorService.invokeAll(SameThreadHierarchicalTestExecutorService.java:41)
	at app//org.junit.platform.engine.support.hierarchical.NodeTestTask.lambda$executeRecursively$6(NodeTestTask.java:155)
	at app//org.junit.platform.engine.support.hierarchical.ThrowableCollector.execute(ThrowableCollector.java:73)
	at app//org.junit.platform.engine.support.hierarchical.NodeTestTask.lambda$executeRecursively$8(NodeTestTask.java:141)
	at app//org.junit.platform.engine.support.hierarchical.Node.around(Node.java:137)
	at app//org.junit.platform.engine.support.hierarchical.NodeTestTask.lambda$executeRecursively$9(NodeTestTask.java:139)
	at app//org.junit.platform.engine.support.hierarchical.ThrowableCollector.execute(ThrowableCollector.java:73)
	at app//org.junit.platform.engine.support.hierarchical.NodeTestTask.executeRecursively(NodeTestTask.java:138)
	at app//org.junit.platform.engine.support.hierarchical.NodeTestTask.execute(NodeTestTask.java:95)
	at java.base@18/java.util.ArrayList.forEach(ArrayList.java:1511)
	at app//org.junit.platform.engine.support.hierarchical.SameThreadHierarchicalTestExecutorService.invokeAll(SameThreadHierarchicalTestExecutorService.java:41)
	at app//org.junit.platform.engine.support.hierarchical.NodeTestTask.lambda$executeRecursively$6(NodeTestTask.java:155)
	at app//org.junit.platform.engine.support.hierarchical.ThrowableCollector.execute(ThrowableCollector.java:73)
	at app//org.junit.platform.engine.support.hierarchical.NodeTestTask.lambda$executeRecursively$8(NodeTestTask.java:141)
	at app//org.junit.platform.engine.support.hierarchical.Node.around(Node.java:137)
	at app//org.junit.platform.engine.support.hierarchical.NodeTestTask.lambda$executeRecursively$9(NodeTestTask.java:139)
	at app//org.junit.platform.engine.support.hierarchical.ThrowableCollector.execute(ThrowableCollector.java:73)
	at app//org.junit.platform.engine.support.hierarchical.NodeTestTask.executeRecursively(NodeTestTask.java:138)
	at app//org.junit.platform.engine.support.hierarchical.NodeTestTask.execute(NodeTestTask.java:95)
	at app//org.junit.platform.engine.support.hierarchical.SameThreadHierarchicalTestExecutorService.submit(SameThreadHierarchicalTestExecutorService.java:35)
	at app//org.junit.platform.engine.support.hierarchical.HierarchicalTestExecutor.execute(HierarchicalTestExecutor.java:57)
	at app//org.junit.platform.engine.support.hierarchical.HierarchicalTestEngine.execute(HierarchicalTestEngine.java:54)
	at org.junit.platform.launcher.core.EngineExecutionOrchestrator.execute(EngineExecutionOrchestrator.java:107)
	at org.junit.platform.launcher.core.EngineExecutionOrchestrator.execute(EngineExecutionOrchestrator.java:88)
	at org.junit.platform.launcher.core.EngineExecutionOrchestrator.lambda$execute$0(EngineExecutionOrchestrator.java:54)
	at org.junit.platform.launcher.core.EngineExecutionOrchestrator.withInterceptedStreams(EngineExecutionOrchestrator.java:67)
	at org.junit.platform.launcher.core.EngineExecutionOrchestrator.execute(EngineExecutionOrchestrator.java:52)
	at org.junit.platform.launcher.core.DefaultLauncher.execute(DefaultLauncher.java:114)
	at org.junit.platform.launcher.core.DefaultLauncher.execute(DefaultLauncher.java:86)
	at org.junit.platform.launcher.core.DefaultLauncherSession$DelegatingLauncher.execute(DefaultLauncherSession.java:86)
	at org.junit.platform.launcher.core.SessionPerRequestLauncher.execute(SessionPerRequestLauncher.java:53)
	at org.gradle.api.internal.tasks.testing.junitplatform.JUnitPlatformTestClassProcessor$CollectAllTestClassesExecutor.processAllTestClasses(JUnitPlatformTestClassProcessor.java:99)
	at org.gradle.api.internal.tasks.testing.junitplatform.JUnitPlatformTestClassProcessor$CollectAllTestClassesExecutor.access$000(JUnitPlatformTestClassProcessor.java:79)
	at org.gradle.api.internal.tasks.testing.junitplatform.JUnitPlatformTestClassProcessor.stop(JUnitPlatformTestClassProcessor.java:75)
	at org.gradle.api.internal.tasks.testing.SuiteTestClassProcessor.stop(SuiteTestClassProcessor.java:61)
	at java.base@18/jdk.internal.reflect.DirectMethodHandleAccessor.invoke(DirectMethodHandleAccessor.java:104)
	at java.base@18/java.lang.reflect.Method.invoke(Method.java:577)
	at org.gradle.internal.dispatch.ReflectionDispatch.dispatch(ReflectionDispatch.java:36)
	at org.gradle.internal.dispatch.ReflectionDispatch.dispatch(ReflectionDispatch.java:24)
	at org.gradle.internal.dispatch.ContextClassLoaderDispatch.dispatch(ContextClassLoaderDispatch.java:33)
	at org.gradle.internal.dispatch.ProxyDispatchAdapter$DispatchingInvocationHandler.invoke(ProxyDispatchAdapter.java:94)
	at jdk.proxy1/jdk.proxy1.$Proxy2.stop(Unknown Source)
	at org.gradle.api.internal.tasks.testing.worker.TestWorker$3.run(TestWorker.java:193)
	at org.gradle.api.internal.tasks.testing.worker.TestWorker.executeAndMaintainThreadName(TestWorker.java:129)
	at org.gradle.api.internal.tasks.testing.worker.TestWorker.execute(TestWorker.java:100)
	at org.gradle.api.internal.tasks.testing.worker.TestWorker.execute(TestWorker.java:60)
	at org.gradle.process.internal.worker.child.ActionExecutionWorker.execute(ActionExecutionWorker.java:56)
	at org.gradle.process.internal.worker.child.SystemApplicationClassLoaderWorker.call(SystemApplicationClassLoaderWorker.java:133)
	at org.gradle.process.internal.worker.child.SystemApplicationClassLoaderWorker.call(SystemApplicationClassLoaderWorker.java:71)
	at app//worker.org.gradle.process.internal.worker.GradleWorkerMain.run(GradleWorkerMain.java:69)
	at app//worker.org.gradle.process.internal.worker.GradleWorkerMain.main(GradleWorkerMain.java:74)
</failure>
  </testcase>
  <testcase name="object_with_strings()" classname="services.XmlSerializerTest$Serializing" time="0.003"/>
  <testcase name="ignores_null_fields()" classname="services.XmlSerializerTest$Serializing" time="0.004"/>
  <testcase name="composite_objects()" classname="services.XmlSerializerTest$Serializing" time="0.006"/>
  <testcase name="object_with_wrappers()" classname="services.XmlSerializerTest$Serializing" time="0.005"/>
  <testcase name="object_with_primitive_arrays()" classname="services.XmlSerializerTest$Serializing" time="0.002">
    <skipped/>
  </testcase>
  <testcase name="object_without_fields()" classname="services.XmlSerializerTest$Serializing" time="0.002"/>
  <testcase name="object_with_primitive_fields()" classname="services.XmlSerializerTest$Serializing" time="0.008"/>
  <system-out><![CDATA[private int services.classes.FakeGetters.value
it contains me
primitive: value
FakeGetters
[]
FakeGetters
[public int services.classes.FakeGetters.getValue()]
317
<FakeGetters><value>317</value></FakeGetters>
private java.lang.String services.classes.Strings.property
it contains me
primitive: property
Strings
[]
Strings
[public java.lang.String services.classes.Strings.getProperty()]
null
private java.lang.String services.classes.Strings.name
it contains me
primitive: name
Strings
[]
Strings
[public java.lang.String services.classes.Strings.getName()]
< > & ' "
<Strings><name>&lt; &gt; &amp; &apos; &quot;</name></Strings>
private java.lang.Object services.classes.Generics.t
Generics
[]
Generics
[public java.lang.Object services.classes.Generics.getT()]
private java.lang.Object services.classes.Generics.t
Generics
[]
Generics
[public java.lang.Object services.classes.Generics.getT()]
private java.lang.Object services.classes.Generics.t
Generics
[]
Generics
[public java.lang.Object services.classes.Generics.getT()]
private final int java.lang.Integer.value
it contains me
primitive: value
Integer
[]
Integer
[]
Integer
[public static java.lang.Integer java.lang.Integer.valueOf(java.lang.String,int) throws java.lang.NumberFormatException, public static java.lang.Integer java.lang.Integer.valueOf(java.lang.String) throws java.lang.NumberFormatException, public static java.lang.Integer java.lang.Integer.valueOf(int)]
null

<Generics><t></t></Generics>
<Generics><t><Generics><t></t></Generics></t></Generics>
<Generics><t><Generics><t><Generics><t></t></Generics></t></Generics></t></Generics>
private java.lang.Integer[] services.classes.ObjectArrays.ints
ObjectArrays
[]
ObjectArrays
[public java.lang.Integer[] services.classes.ObjectArrays.getInts()]
private final int java.lang.Integer.value
it contains me
primitive: value
Integer
[]
Integer
[]
Integer
[public static java.lang.Integer java.lang.Integer.valueOf(java.lang.String,int) throws java.lang.NumberFormatException, public static java.lang.Integer java.lang.Integer.valueOf(java.lang.String) throws java.lang.NumberFormatException, public static java.lang.Integer java.lang.Integer.valueOf(int)]
null

private final int java.lang.Integer.value
it contains me
primitive: value
Integer
[]
Integer
[]
Integer
[public static java.lang.Integer java.lang.Integer.valueOf(java.lang.String,int) throws java.lang.NumberFormatException, public static java.lang.Integer java.lang.Integer.valueOf(java.lang.String) throws java.lang.NumberFormatException, public static java.lang.Integer java.lang.Integer.valueOf(int)]
null

private java.lang.String[] services.classes.ObjectArrays.strings
ObjectArrays
[]
ObjectArrays
[public java.lang.String[] services.classes.ObjectArrays.getStrings()]
private final byte[] java.lang.String.value
String
[]
String
[]
String
[public static java.lang.String java.lang.String.valueOf(int), public static java.lang.String java.lang.String.valueOf(boolean), public static java.lang.String java.lang.String.valueOf(char[],int,int), public static java.lang.String java.lang.String.valueOf(char[]), public static java.lang.String java.lang.String.valueOf(char), public static java.lang.String java.lang.String.valueOf(java.lang.Object), public static java.lang.String java.lang.String.valueOf(float), public static java.lang.String java.lang.String.valueOf(long), public static java.lang.String java.lang.String.valueOf(double)]
private final byte java.lang.String.coder
it contains me
primitive: coder
String
[]
String
[]
String
[]
null
private int java.lang.String.hash
it contains me
primitive: hash
String
[]
String
[]
String
[public int java.lang.String.hashCode()]
null
private boolean java.lang.String.hashIsZero
it contains me
primitive: hashIsZero
String
[]
String
[]
String
[]
null

private java.lang.Boolean[] services.classes.ObjectArrays.booleans
ObjectArrays
[]
ObjectArrays
[public java.lang.Boolean[] services.classes.ObjectArrays.getBooleans()]
<ObjectArrays><ints></ints><strings></strings><booleans></booleans></ObjectArrays>
private java.util.List services.classes.Collections.list
Collections
[]
Collections
[public java.util.List services.classes.Collections.getList()]
private final byte[] java.lang.String.value
String
[]
String
[]
String
[public static java.lang.String java.lang.String.valueOf(int), public static java.lang.String java.lang.String.valueOf(boolean), public static java.lang.String java.lang.String.valueOf(char[],int,int), public static java.lang.String java.lang.String.valueOf(char[]), public static java.lang.String java.lang.String.valueOf(char), public static java.lang.String java.lang.String.valueOf(java.lang.Object), public static java.lang.String java.lang.String.valueOf(float), public static java.lang.String java.lang.String.valueOf(long), public static java.lang.String java.lang.String.valueOf(double)]
private final byte java.lang.String.coder
it contains me
primitive: coder
String
[]
String
[]
String
[]
null
private int java.lang.String.hash
it contains me
primitive: hash
String
[]
String
[]
String
[public int java.lang.String.hashCode()]
null
private boolean java.lang.String.hashIsZero
it contains me
primitive: hashIsZero
String
[]
String
[]
String
[]
null

private final byte[] java.lang.String.value
String
[]
String
[]
String
[public static java.lang.String java.lang.String.valueOf(int), public static java.lang.String java.lang.String.valueOf(boolean), public static java.lang.String java.lang.String.valueOf(char[],int,int), public static java.lang.String java.lang.String.valueOf(char[]), public static java.lang.String java.lang.String.valueOf(char), public static java.lang.String java.lang.String.valueOf(java.lang.Object), public static java.lang.String java.lang.String.valueOf(float), public static java.lang.String java.lang.String.valueOf(long), public static java.lang.String java.lang.String.valueOf(double)]
private final byte java.lang.String.coder
it contains me
primitive: coder
String
[]
String
[]
String
[]
null
private int java.lang.String.hash
it contains me
primitive: hash
String
[]
String
[]
String
[public int java.lang.String.hashCode()]
null
private boolean java.lang.String.hashIsZero
it contains me
primitive: hashIsZero
String
[]
String
[]
String
[]
null

private java.util.Set services.classes.Collections.set
Collections
[]
Collections
[public java.util.Set services.classes.Collections.getSet()]
private java.util.Map services.classes.Collections.map
Collections
[]
Collections
[public java.util.Map services.classes.Collections.getMap()]
private final int java.lang.Integer.value
it contains me
primitive: value
Integer
[]
Integer
[]
Integer
[public static java.lang.Integer java.lang.Integer.valueOf(java.lang.String,int) throws java.lang.NumberFormatException, public static java.lang.Integer java.lang.Integer.valueOf(java.lang.String) throws java.lang.NumberFormatException, public static java.lang.Integer java.lang.Integer.valueOf(int)]
null

private java.lang.String services.classes.Strings.property
it contains me
primitive: property
Strings
[]
Strings
[public java.lang.String services.classes.Strings.getProperty()]
one
private java.lang.String services.classes.Strings.name
it contains me
primitive: name
Strings
[]
Strings
[public java.lang.String services.classes.Strings.getName()]
_
<Strings><property>one</property><name>_</name></Strings>
private final int java.lang.Integer.value
it contains me
primitive: value
Integer
[]
Integer
[]
Integer
[public static java.lang.Integer java.lang.Integer.valueOf(java.lang.String,int) throws java.lang.NumberFormatException, public static java.lang.Integer java.lang.Integer.valueOf(java.lang.String) throws java.lang.NumberFormatException, public static java.lang.Integer java.lang.Integer.valueOf(int)]
null

private java.lang.String services.classes.Strings.property
it contains me
primitive: property
Strings
[]
Strings
[public java.lang.String services.classes.Strings.getProperty()]
two
private java.lang.String services.classes.Strings.name
it contains me
primitive: name
Strings
[]
Strings
[public java.lang.String services.classes.Strings.getName()]
_
<Strings><property>two</property><name>_</name></Strings>
<Collections><map><key></key><value><Strings><property>one</property><name>_</name></Strings></value><key></key><value><Strings><property>two</property><name>_</name></Strings></value></map></Collections>
private java.lang.String services.classes.Strings.property
it contains me
primitive: property
Strings
[]
Strings
[public java.lang.String services.classes.Strings.getProperty()]
value
private java.lang.String services.classes.Strings.name
it contains me
primitive: name
Strings
[]
Strings
[public java.lang.String services.classes.Strings.getName()]
tim
<Strings><property>value</property><name>tim</name></Strings>
private java.lang.String services.classes.Strings.property
it contains me
primitive: property
Strings
[]
Strings
[public java.lang.String services.classes.Strings.getProperty()]
null
private java.lang.String services.classes.Strings.name
it contains me
primitive: name
Strings
[]
Strings
[public java.lang.String services.classes.Strings.getName()]
null
<Strings><property>null</property></Strings>
private services.classes.Part services.classes.Composite.part1
Composite
[]
Composite
[public services.classes.Part services.classes.Composite.getPart1()]
private int services.classes.Part.size
it contains me
primitive: size
Part
[]
Part
[public int services.classes.Part.getSize()]
1
<Part><size>1</size></Part>
private services.classes.Part services.classes.Composite.part2
Composite
[]
Composite
[public services.classes.Part services.classes.Composite.getPart2()]
private int services.classes.Part.size
it contains me
primitive: size
Part
[]
Part
[public int services.classes.Part.getSize()]
2
<Part><size>2</size></Part>
<Composite><part1><Part><size>1</size></Part></part1><part2><Part><size>2</size></Part></part2></Composite>
private java.lang.Integer services.classes.Wrappers.wrappedInt
it contains me
primitive: wrappedInt
Wrappers
[]
Wrappers
[public java.lang.Integer services.classes.Wrappers.getWrappedInt()]
42
private java.lang.Boolean services.classes.Wrappers.wrappedBoolean
it contains me
primitive: wrappedBoolean
Wrappers
[]
Wrappers
[public java.lang.Boolean services.classes.Wrappers.getWrappedBoolean()]
null
<Wrappers><wrappedInt>42</wrappedInt></Wrappers>
<NoFields></NoFields>
private final char services.classes.PrimitiveFields.someChar
it contains me
primitive: someChar
PrimitiveFields
[]
PrimitiveFields
[public char services.classes.PrimitiveFields.getSomeChar()]
#
private final long services.classes.PrimitiveFields.someLong
it contains me
primitive: someLong
PrimitiveFields
[]
PrimitiveFields
[public long services.classes.PrimitiveFields.getSomeLong()]
42
private final boolean services.classes.PrimitiveFields.someBoolean
it contains me
primitive: someBoolean
PrimitiveFields
[public boolean services.classes.PrimitiveFields.isSomeBoolean()]
true
<PrimitiveFields><someChar>#</someChar><someLong>42</someLong><someBoolean>true</someBoolean></PrimitiveFields>
]]></system-out>
  <system-err><![CDATA[]]></system-err>
</testsuite>
